<?xml version="1.0" encoding="UTF-8"?>
<!-- Generated by org.testng.reporters.JUnitReportReporter -->
<testsuite ignored="0" hostname="Latitude-E6320" failures="0" tests="1" name="org.netlife.webTestScripts.TC6" time="22.054" errors="0" timestamp="04 Jul 2024 22:13:17 GMT" skipped="0">
  <testcase classname="org.netlife.webTestScripts.TC6" name="TC6_definition" time="22.054"/>
</testsuite> <!-- org.netlife.webTestScripts.TC6 -->
