<?xml version="1.0" encoding="UTF-8"?>
<!-- Generated by org.testng.reporters.JUnitReportReporter -->
<testsuite ignored="1" hostname="WINAA20CC6M3" failures="0" tests="1" name="org.netlife.mobTestScripts.MainPageTestCases" time="44.037" errors="0" timestamp="26 Feb 2025 23:33:11 GMT" skipped="0">
  <testcase classname="org.netlife.mobTestScripts.MainPageTestCases" name="inicioScrolling" time="44.037"/>
  <testcase classname="org.netlife.mobTestScripts.MainPageTestCases" name="mainMenu">
    <skipped/>
  </testcase> <!-- mainMenu -->
</testsuite> <!-- org.netlife.mobTestScripts.MainPageTestCases -->
