<?xml version="1.0" encoding="UTF-8"?>
<!-- Generated by org.testng.reporters.JUnitReportReporter -->
<testsuite ignored="0" hostname="WINAA20CC6M3" failures="0" tests="1" name="org.netlife.webTestScripts.TC8" time="25.535" errors="0" timestamp="22 Jan 2025 05:35:38 GMT" skipped="0">
  <testcase classname="org.netlife.webTestScripts.TC8" name="TC8_definition" time="25.535"/>
</testsuite> <!-- org.netlife.webTestScripts.TC8 -->
