<?xml version="1.0" encoding="UTF-8"?>
<!-- Generated by org.testng.reporters.JUnitReportReporter -->
<testsuite ignored="0" hostname="Latitude-E6320" failures="0" tests="1" name="org.netlife.webTestScripts.TC5" time="30.310" errors="0" timestamp="04 Jul 2024 21:43:12 GMT" skipped="0">
  <testcase classname="org.netlife.webTestScripts.TC5" name="TC5_definition" time="30.310"/>
</testsuite> <!-- org.netlife.webTestScripts.TC5 -->
