<?xml version="1.0" encoding="UTF-8"?>
<!-- Generated by org.testng.reporters.JUnitReportReporter -->
<testsuite ignored="0" hostname="WINAA20CC6M3" failures="0" tests="1" name="org.netlife.mobTestScripts.MainPageTestCases" time="50.563" errors="0" timestamp="07 Mar 2025 22:38:51 GMT" skipped="0">
  <testcase classname="org.netlife.mobTestScripts.MainPageTestCases" name="mainMenu" time="50.563"/>
</testsuite> <!-- org.netlife.mobTestScripts.MainPageTestCases -->
