<?xml version="1.0" encoding="UTF-8"?>
<!-- Generated by org.testng.reporters.JUnitReportReporter -->
<testsuite ignored="0" hostname="Latitude-E6320" failures="0" tests="1" name="org.WebNetlife.testScripts.TC1" time="15.724" errors="0" timestamp="03 Jul 2024 03:42:03 GMT" skipped="0">
  <testcase classname="org.WebNetlife.testScripts.TC1" name="TC1_definition" time="15.724"/>
</testsuite> <!-- org.WebNetlife.testScripts.TC1 -->
