<?xml version="1.0" encoding="UTF-8"?>
<!-- Generated by org.testng.reporters.JUnitReportReporter -->
<testsuite ignored="0" hostname="Latitude-E6320" failures="0" tests="1" name="org.WebNetlife.testScripts.TC2" time="15.704" errors="0" timestamp="03 Jul 2024 03:57:13 GMT" skipped="0">
  <testcase classname="org.WebNetlife.testScripts.TC2" name="TC2_definition" time="15.704"/>
</testsuite> <!-- org.WebNetlife.testScripts.TC2 -->
