<?xml version="1.0" encoding="UTF-8"?>
<!-- Generated by org.testng.reporters.JUnitReportReporter -->
<testsuite ignored="0" hostname="WINAA20CC6M3" failures="0" tests="1" name="org.netlife.webTestScripts.TC5" time="23.327" errors="0" timestamp="04 Dec 2024 21:27:32 GMT" skipped="0">
  <testcase classname="org.netlife.webTestScripts.TC5" name="TC5_definition" time="23.327"/>
</testsuite> <!-- org.netlife.webTestScripts.TC5 -->
