<?xml version="1.0" encoding="UTF-8"?>
<!-- Generated by org.testng.reporters.JUnitReportReporter -->
<testsuite ignored="0" hostname="WINAA20CC6M3" failures="0" tests="1" name="org.netlife.webTestScripts.TC7" time="30.610" errors="0" timestamp="22 Jan 2025 05:35:37 GMT" skipped="0">
  <testcase classname="org.netlife.webTestScripts.TC7" name="TC7_definition" time="30.610"/>
</testsuite> <!-- org.netlife.webTestScripts.TC7 -->
