<?xml version="1.0" encoding="UTF-8"?>
<!-- Generated by org.testng.reporters.JUnitReportReporter -->
<testsuite ignored="0" hostname="WINAA20CC6M3" failures="0" tests="1" name="org.netlife.mobTestScripts.ConfigPageTestCases" time="26.245" errors="0" timestamp="27 Feb 2025 21:21:00 GMT" skipped="0">
  <testcase classname="org.netlife.mobTestScripts.ConfigPageTestCases" name="configMenu" time="26.245"/>
</testsuite> <!-- org.netlife.mobTestScripts.ConfigPageTestCases -->
