<?xml version="1.0" encoding="UTF-8"?>
<!-- Generated by org.testng.reporters.JUnitReportReporter -->
<testsuite ignored="0" hostname="Latitude-E6320" failures="0" tests="1" name="org.netlife.webTestScripts.TC9" time="28.870" errors="0" timestamp="07 Jul 2024 16:14:31 GMT" skipped="0">
  <testcase classname="org.netlife.webTestScripts.TC9" name="TC9_definition" time="28.870"/>
</testsuite> <!-- org.netlife.webTestScripts.TC9 -->
