<?xml version="1.0" encoding="UTF-8"?>
<!-- Generated by org.testng.reporters.JUnitReportReporter -->
<testsuite ignored="0" hostname="WINAA20CC6M3" failures="0" tests="1" name="org.netlife.webTestScripts.TC9" time="22.808" errors="0" timestamp="18 Feb 2025 14:34:08 GMT" skipped="0">
  <testcase classname="org.netlife.webTestScripts.TC9" name="TC9_definition" time="22.808"/>
</testsuite> <!-- org.netlife.webTestScripts.TC9 -->
