<?xml version="1.0" encoding="UTF-8"?>
<!-- Generated by org.testng.reporters.JUnitReportReporter -->
<testsuite ignored="0" hostname="Latitude-E6320" failures="0" tests="1" name="org.WebNetlife.testScripts.TC3" time="22.569" errors="0" timestamp="03 Jul 2024 03:52:50 GMT" skipped="0">
  <testcase classname="org.WebNetlife.testScripts.TC3" name="TC3_definition" time="22.569"/>
</testsuite> <!-- org.WebNetlife.testScripts.TC3 -->
