<?xml version="1.0" encoding="UTF-8"?>
<!-- Generated by org.testng.reporters.JUnitReportReporter -->
<testsuite ignored="0" hostname="Latitude-E6320" failures="0" tests="1" name="org.netlife.webTestScripts.TC7" time="32.583" errors="0" timestamp="04 Jul 2024 22:52:09 GMT" skipped="0">
  <testcase classname="org.netlife.webTestScripts.TC7" name="TC7_definition" time="32.583"/>
</testsuite> <!-- org.netlife.webTestScripts.TC7 -->
