<?xml version="1.0" encoding="UTF-8"?>
<!-- Generated by org.testng.reporters.JUnitReportReporter -->
<testsuite ignored="0" hostname="WINAA20CC6M3" failures="0" tests="1" name="org.netlife.mobTestScripts.InicioPageTestCases" time="191.512" errors="0" timestamp="07 Mar 2025 22:52:06 GMT" skipped="0">
  <testcase classname="org.netlife.mobTestScripts.InicioPageTestCases" name="inicioScrolling" time="191.512"/>
</testsuite> <!-- org.netlife.mobTestScripts.InicioPageTestCases -->
