<?xml version="1.0" encoding="UTF-8"?>
<!-- Generated by org.testng.reporters.JUnitReportReporter -->
<testsuite ignored="0" hostname="WINAA20CC6M3" failures="0" tests="6" name="org.netlife.webTestScripts.WebLoginPageTestCases" time="92.052" errors="0" timestamp="10 Mar 2025 02:55:08 GMT" skipped="0">
  <testcase classname="org.netlife.webTestScripts.WebLoginPageTestCases" name="getStrings" time="9.211"/>
  <testcase classname="org.netlife.webTestScripts.WebLoginPageTestCases" name="loginSuccess" time="15.029"/>
  <testcase classname="org.netlife.webTestScripts.WebLoginPageTestCases" name="termAndPolicies" time="23.850"/>
  <testcase classname="org.netlife.webTestScripts.WebLoginPageTestCases" name="forgotUserPass" time="14.985"/>
  <testcase classname="org.netlife.webTestScripts.WebLoginPageTestCases" name="loginUnsuccess" time="15.519"/>
  <testcase classname="org.netlife.webTestScripts.WebLoginPageTestCases" name="loginSuccess" time="13.458"/>
</testsuite> <!-- org.netlife.webTestScripts.WebLoginPageTestCases -->
