<?xml version="1.0" encoding="UTF-8"?>
<!-- Generated by org.testng.reporters.JUnitReportReporter -->
<testsuite ignored="0" hostname="WINAA20CC6M3" failures="0" tests="2" name="org.netlife.mobTestScripts.ConfigPageTestCases" time="120.406" errors="0" timestamp="07 Mar 2025 22:36:36 GMT" skipped="0">
  <testcase classname="org.netlife.mobTestScripts.ConfigPageTestCases" name="configMenu" time="64.625"/>
  <testcase classname="org.netlife.mobTestScripts.ConfigPageTestCases" name="configGeneral" time="55.781"/>
</testsuite> <!-- org.netlife.mobTestScripts.ConfigPageTestCases -->
