<?xml version="1.0" encoding="UTF-8"?>
<!-- Generated by org.testng.reporters.JUnitReportReporter -->
<testsuite ignored="0" hostname="Latitude-E6320" failures="0" tests="1" name="org.netlife.webTestScripts.TC2" time="19.107" errors="0" timestamp="04 Jul 2024 15:10:48 GMT" skipped="0">
  <testcase classname="org.netlife.webTestScripts.TC2" name="TC2_definition" time="19.107"/>
</testsuite> <!-- org.netlife.webTestScripts.TC2 -->
