<?xml version="1.0" encoding="UTF-8"?>
<!-- Generated by org.testng.reporters.JUnitReportReporter -->
<testsuite ignored="0" hostname="WINAA20CC6M3" failures="0" tests="2" name="org.netlife.webTestScripts.TC1" time="34.746" errors="0" timestamp="04 Dec 2024 22:34:23 GMT" skipped="0">
  <testcase classname="org.netlife.webTestScripts.TC1" name="TC1_definition" time="18.338"/>
  <testcase classname="org.netlife.webTestScripts.TC1" name="TC1_definition" time="16.408"/>
</testsuite> <!-- org.netlife.webTestScripts.TC1 -->
