<?xml version="1.0" encoding="UTF-8"?>
<!-- Generated by org.testng.reporters.JUnitReportReporter -->
<testsuite ignored="0" hostname="Latitude-E6320" failures="0" tests="1" name="org.netlife.webTestScripts.TC1" time="21.131" errors="0" timestamp="03 Jul 2024 21:42:57 GMT" skipped="0">
  <testcase classname="org.netlife.webTestScripts.TC1" name="TC1_definition" time="21.131"/>
</testsuite> <!-- org.netlife.webTestScripts.TC1 -->
