<?xml version="1.0" encoding="UTF-8"?>
<!-- Generated by org.testng.reporters.JUnitReportReporter -->
<testsuite ignored="0" hostname="WINAA20CC6M3" failures="0" tests="1" name="org.netlife.webTestScripts.TC10" time="32.708" errors="0" timestamp="04 Dec 2024 21:15:54 GMT" skipped="0">
  <testcase classname="org.netlife.webTestScripts.TC10" name="TC10_definition" time="32.708"/>
</testsuite> <!-- org.netlife.webTestScripts.TC10 -->
