<?xml version="1.0" encoding="UTF-8"?>
<!-- Generated by org.testng.reporters.JUnitReportReporter -->
<testsuite ignored="5" hostname="WINAA20CC6M3" failures="0" tests="1" name="org.netlife.mobTestScripts.LoginPageTestCases" time="37.476" errors="0" timestamp="25 Feb 2025 01:52:46 GMT" skipped="0">
  <testcase classname="org.netlife.mobTestScripts.LoginPageTestCases" name="selecIdioma" time="37.476"/>
  <testcase classname="org.netlife.mobTestScripts.LoginPageTestCases" name="forgetPass">
    <skipped/>
  </testcase> <!-- forgetPass -->
  <testcase classname="org.netlife.mobTestScripts.LoginPageTestCases" name="getText">
    <skipped/>
  </testcase> <!-- getText -->
  <testcase classname="org.netlife.mobTestScripts.LoginPageTestCases" name="loginSuccess">
    <skipped/>
  </testcase> <!-- loginSuccess -->
  <testcase classname="org.netlife.mobTestScripts.LoginPageTestCases" name="termPoliticas">
    <skipped/>
  </testcase> <!-- termPoliticas -->
  <testcase classname="org.netlife.mobTestScripts.LoginPageTestCases" name="loginError">
    <skipped/>
  </testcase> <!-- loginError -->
</testsuite> <!-- org.netlife.mobTestScripts.LoginPageTestCases -->
