<?xml version="1.0" encoding="UTF-8"?>
<!-- Generated by org.testng.reporters.JUnitReportReporter -->
<testsuite ignored="0" hostname="WINAA20CC6M3" failures="0" tests="1" name="org.netlife.webTestScripts.TC6" time="18.452" errors="0" timestamp="04 Dec 2024 21:26:37 GMT" skipped="0">
  <testcase classname="org.netlife.webTestScripts.TC6" name="TC6_definition" time="18.452"/>
</testsuite> <!-- org.netlife.webTestScripts.TC6 -->
