<?xml version="1.0" encoding="UTF-8"?>
<!-- Generated by org.testng.reporters.JUnitReportReporter -->
<testsuite ignored="0" hostname="WINAA20CC6M3" failures="0" tests="1" name="org.netlife.webTestScripts.TC8" time="25.268" errors="0" timestamp="04 Dec 2024 22:34:23 GMT" skipped="0">
  <testcase classname="org.netlife.webTestScripts.TC8" name="TC8_definition" time="25.268"/>
</testsuite> <!-- org.netlife.webTestScripts.TC8 -->
