<?xml version="1.0" encoding="UTF-8"?>
<!-- Generated by org.testng.reporters.JUnitReportReporter -->
<testsuite ignored="6" hostname="WINAA20CC6M3" failures="0" tests="1" name="org.netlife.mobTestScripts.LoginPageTestCases" time="23.059" errors="0" timestamp="25 Feb 2025 23:26:49 GMT" skipped="0">
  <testcase classname="org.netlife.mobTestScripts.LoginPageTestCases" name="getText" time="23.059"/>
  <testcase classname="org.netlife.mobTestScripts.LoginPageTestCases" name="forgetPass">
    <skipped/>
  </testcase> <!-- forgetPass -->
  <testcase classname="org.netlife.mobTestScripts.LoginPageTestCases" name="loginSuccess">
    <skipped/>
  </testcase> <!-- loginSuccess -->
  <testcase classname="org.netlife.mobTestScripts.LoginPageTestCases" name="termPoliticas">
    <skipped/>
  </testcase> <!-- termPoliticas -->
  <testcase classname="org.netlife.mobTestScripts.LoginPageTestCases" name="selecControl">
    <skipped/>
  </testcase> <!-- selecControl -->
  <testcase classname="org.netlife.mobTestScripts.LoginPageTestCases" name="selecIdioma">
    <skipped/>
  </testcase> <!-- selecIdioma -->
  <testcase classname="org.netlife.mobTestScripts.LoginPageTestCases" name="loginError">
    <skipped/>
  </testcase> <!-- loginError -->
</testsuite> <!-- org.netlife.mobTestScripts.LoginPageTestCases -->
