<?xml version="1.0" encoding="UTF-8"?>
<!-- Generated by org.testng.reporters.JUnitReportReporter -->
<testsuite ignored="0" hostname="WINAA20CC6M3" failures="0" tests="1" name="org.netlife.webTestScripts.TC10" time="34.068" errors="0" timestamp="22 Jan 2025 06:29:13 GMT" skipped="0">
  <testcase classname="org.netlife.webTestScripts.TC10" name="TC10_definition" time="34.068"/>
</testsuite> <!-- org.netlife.webTestScripts.TC10 -->
