<?xml version="1.0" encoding="UTF-8"?>
<!-- Generated by org.testng.reporters.JUnitReportReporter -->
<testsuite ignored="0" hostname="Latitude-E6320" failures="0" tests="1" name="org.netlife.webTestScripts.TC8" time="29.609" errors="0" timestamp="07 Jul 2024 15:46:27 GMT" skipped="0">
  <testcase classname="org.netlife.webTestScripts.TC8" name="TC8_definition" time="29.609"/>
</testsuite> <!-- org.netlife.webTestScripts.TC8 -->
