<?xml version="1.0" encoding="UTF-8"?>
<!-- Generated by org.testng.reporters.JUnitReportReporter -->
<testsuite ignored="0" hostname="Latitude-E6320" failures="0" tests="1" name="org.netlife.webTestScripts.TC8" time="29.306" errors="0" timestamp="04 Jul 2024 23:05:36 GMT" skipped="0">
  <testcase classname="org.netlife.webTestScripts.TC8" name="TC8_definition" time="29.306"/>
</testsuite> <!-- org.netlife.webTestScripts.TC8 -->
