<?xml version="1.0" encoding="UTF-8"?>
<!-- Generated by org.testng.reporters.JUnitReportReporter -->
<testsuite ignored="0" hostname="WINAA20CC6M3" failures="0" tests="2" name="org.netlife.webTestScripts.TC1" time="72.088" errors="0" timestamp="19 Feb 2025 21:10:09 GMT" skipped="0">
  <testcase classname="org.netlife.webTestScripts.TC1" name="TC1_definition" time="29.971"/>
  <testcase classname="org.netlife.webTestScripts.TC1" name="TC1_definition" time="42.117"/>
</testsuite> <!-- org.netlife.webTestScripts.TC1 -->
