<?xml version="1.0" encoding="UTF-8"?>
<!-- Generated by org.testng.reporters.JUnitReportReporter -->
<testsuite ignored="0" hostname="WINAA20CC6M3" failures="0" tests="1" name="org.netlife.mobTestScripts.TC1" time="19.735" errors="0" timestamp="19 Feb 2025 23:13:35 GMT" skipped="0">
  <testcase classname="org.netlife.mobTestScripts.TC1" name="get_text" time="19.735"/>
</testsuite> <!-- org.netlife.mobTestScripts.TC1 -->
