<?xml version="1.0" encoding="UTF-8"?>
<!-- Generated by org.testng.reporters.JUnitReportReporter -->
<testsuite ignored="0" hostname="WINAA20CC6M3" failures="0" tests="2" name="org.netlife.webTestScripts.TC1" time="35.038" errors="0" timestamp="08 Mar 2025 00:31:11 GMT" skipped="0">
  <testcase classname="org.netlife.webTestScripts.TC1" name="TC1_definition" time="15.071"/>
  <testcase classname="org.netlife.webTestScripts.TC1" name="TC1_definition" time="19.967"/>
</testsuite> <!-- org.netlife.webTestScripts.TC1 -->
