<?xml version="1.0" encoding="UTF-8"?>
<!-- Generated by org.testng.reporters.JUnitReportReporter -->
<testsuite ignored="0" hostname="WINAA20CC6M3" failures="0" tests="1" name="org.netlife.mobTestScripts.MainPageTestCases" time="67.878" errors="0" timestamp="27 Feb 2025 17:41:36 GMT" skipped="0">
  <testcase classname="org.netlife.mobTestScripts.MainPageTestCases" name="mainMenu" time="67.878"/>
</testsuite> <!-- org.netlife.mobTestScripts.MainPageTestCases -->
