<?xml version="1.0" encoding="UTF-8"?>
<!-- Generated by org.testng.reporters.JUnitReportReporter -->
<testsuite ignored="0" hostname="Latitude-E6320" failures="0" tests="1" name="org.netlife.webTestScripts.TC3" time="24.014" errors="0" timestamp="04 Jul 2024 21:37:19 GMT" skipped="0">
  <testcase classname="org.netlife.webTestScripts.TC3" name="TC3_definition" time="24.014"/>
</testsuite> <!-- org.netlife.webTestScripts.TC3 -->
