<?xml version="1.0" encoding="UTF-8"?>
<!-- Generated by org.testng.reporters.JUnitReportReporter -->
<testsuite ignored="0" hostname="WINAA20CC6M3" failures="0" tests="2" name="org.netlife.webTestScripts.TC1" time="33.604" errors="0" timestamp="18 Feb 2025 14:34:08 GMT" skipped="0">
  <testcase classname="org.netlife.webTestScripts.TC1" name="TC1_definition" time="19.421"/>
  <testcase classname="org.netlife.webTestScripts.TC1" name="TC1_definition" time="14.183"/>
</testsuite> <!-- org.netlife.webTestScripts.TC1 -->
