<?xml version="1.0" encoding="UTF-8"?>
<!-- Generated by org.testng.reporters.JUnitReportReporter -->
<testsuite ignored="0" hostname="Latitude-E6320" failures="0" tests="2" name="org.netlife.webTestScripts.TC1" time="40.990" errors="0" timestamp="09 Jul 2024 01:11:13 GMT" skipped="0">
  <testcase classname="org.netlife.webTestScripts.TC1" name="TC1_definition" time="21.672"/>
  <testcase classname="org.netlife.webTestScripts.TC1" name="TC1_definition" time="19.318"/>
</testsuite> <!-- org.netlife.webTestScripts.TC1 -->
