<?xml version="1.0" encoding="UTF-8"?>
<!-- Generated by org.testng.reporters.JUnitReportReporter -->
<testsuite ignored="0" hostname="WINAA20CC6M3" failures="0" tests="1" name="org.netlife.webTestScripts.TC3" time="20.676" errors="0" timestamp="18 Feb 2025 14:34:08 GMT" skipped="0">
  <testcase classname="org.netlife.webTestScripts.TC3" name="TC3_definition" time="20.676"/>
</testsuite> <!-- org.netlife.webTestScripts.TC3 -->
